
> prome@0.0.0 dev
> vite

Re-optimizing dependencies because lockfile has changed
Port 5173 is in use, trying another one...
Port 5174 is in use, trying another one...
Port 5175 is in use, trying another one...

  VITE v5.4.19  ready in 1502 ms

  ➜  Local:   http://localhost:5176/
  ➜  Network: use --host to expose
12:52:07 PM [vite] hmr update /src/pages/DifyChat.tsx, /src/index.css
12:52:07 PM [vite] hmr update /src/pages/DifyChat.tsx, /src/index.css
12:58:54 PM [vite] hmr update /src/components/chat/DifyChatInterface.tsx, /src/index.css
12:59:02 PM [vite] hmr update /src/components/ui/PointsDisplay.tsx, /src/index.css
11:41:14 AM [vite] hmr update /src/components/chat/DifyChatInterface.tsx, /src/index.css
11:41:14 AM [vite] hmr update /src/components/chat/DifyChatInterface.tsx, /src/index.css
11:51:52 AM [vite] hmr update /src/components/chat/DifyChatInterface.tsx, /src/index.css
1:08:13 PM [vite] hmr update /src/components/chat/DifyChatInterface.tsx, /src/index.css
1:08:13 PM [vite] hmr update /src/components/chat/DifyChatInterface.tsx, /src/index.css
1:14:09 PM [vite] hmr update /src/index.css, /src/components/chat/DifyChatInterface.tsx
1:15:13 PM [vite] hmr update /src/index.css, /src/components/chat/DifyChatInterface.tsx
1:23:29 PM [vite] hmr update /src/index.css, /src/components/chat/DifyChatInterface.tsx
1:23:29 PM [vite] hmr update /src/index.css, /src/components/chat/DifyChatInterface.tsx
1:24:20 PM [vite] hmr update /src/components/chat/DifyChatInterface.tsx, /src/index.css
1:24:56 PM [vite] hmr update /src/components/chat/DifyChatInterface.tsx, /src/index.css
2:00:38 PM [vite] hmr update /src/index.css, /src/components/chat/DifyChatInterface.tsx
2:01:16 PM [vite] hmr update /src/index.css, /src/components/chat/DifyChatInterface.tsx
2:13:06 PM [vite] hmr update /src/index.css, /src/components/chat/DifyChatInterface.tsx
2:37:16 PM [vite] hmr update /src/components/chat/DifyChatInterface.tsx, /src/index.css
2:38:33 PM [vite] hmr update /src/components/chat/DifyChatInterface.tsx, /src/index.css
2:47:00 PM [vite] hmr update /src/components/chat/DifyChatInterface.tsx, /src/index.css
3:02:38 PM [vite] hmr update /src/components/chat/DifyChatInterface.tsx, /src/index.css
3:49:27 PM [vite] hmr update /src/App.tsx, /src/index.css
3:49:27 PM [vite] hmr update /src/App.tsx, /src/index.css
3:49:43 PM [vite] hmr update /src/App.tsx, /src/index.css
3:53:44 PM [vite] hmr update /src/pages/XiaohongshuMarketing.tsx, /src/index.css
4:16:08 PM [vite] hmr update /src/pages/XiaohongshuMarketing.tsx, /src/index.css
4:16:19 PM [vite] hmr update /src/pages/XiaohongshuMarketing.tsx, /src/index.css
4:16:36 PM [vite] hmr update /src/pages/XiaohongshuMarketing.tsx, /src/index.css
4:16:53 PM [vite] hmr update /src/pages/XiaohongshuMarketing.tsx, /src/index.css
4:17:04 PM [vite] hmr update /src/pages/XiaohongshuMarketing.tsx, /src/index.css
4:17:23 PM [vite] hmr update /src/pages/XiaohongshuMarketing.tsx, /src/index.css
4:44:42 PM [vite] hmr update /src/pages/XiaohongshuMarketing.tsx, /src/index.css
4:44:51 PM [vite] hmr update /src/pages/XiaohongshuMarketing.tsx, /src/index.css
4:45:01 PM [vite] hmr update /src/pages/XiaohongshuMarketing.tsx, /src/index.css
11:38:34 PM [vite] page reload index.html
11:38:34 PM [vite] page reload index.html
9:35:56 AM [vite] page reload index.html
9:36:50 AM [vite] page reload index.html
11:33:18 PM [vite] page reload index.html
