[dotenv@17.2.1] injecting env (24) from .env -- tip: âš™ï¸  write to custom object with { processEnv: myObject }
ðŸš€ Starting Prome Platform server
âœ… Dify API environment variables are configured
Server is running on port 8080
ðŸ” Performing database health check...
âœ… Database health check passed - all required tables exist
ðŸ”„ Video balance check: Original userId: 9dee4891-89a6-44ee-8fe8-69097846e97d â†’ Valid UUID: 9dee4891-89a6-44ee-8fe8-69097846e97d
ðŸ” Image extraction request for: https://www.amazon.com/dp/B08N5WRWNW
ðŸ” Processing fresh request for: https://www.amazon.com/dp/B08N5WRWNW
ðŸŒ Using platform-specific headers for: www.amazon.com
ðŸŽ¯ Amazon page detected - using specialized extraction
ðŸŽ¯ Using quality threshold: 0, found 0 images
ðŸ” Found 0 total images for URL: https://www.amazon.com/dp/B08N5WRWNW
ðŸ“Š All images with scores (top 10):
âœ… Extracted 0 high-quality images from https://www.amazon.com/dp/B08N5WRWNW
ðŸ“Š Quality filter: 0 total -> 0 high-quality (score > 100)
ðŸ” Image extraction request for: https://www.amazon.com.au/Tresemm%C3%A9-Moisture-Shampoo-Vitamin-Jojoba/dp/B09TL6X795
ðŸ” Processing fresh request for: https://www.amazon.com.au/Tresemm%C3%A9-Moisture-Shampoo-Vitamin-Jojoba/dp/B09TL6X795
ðŸŒ Using platform-specific headers for: www.amazon.com.au
ðŸŽ¯ Amazon page detected - using specialized extraction
ðŸ” Amazon image found via #landingImage: https://m.media-amazon.com/images/I/619EVV01D-L._AC_SY300_SX300_QL70_ML2_.jpg... (score: 965)
ðŸ” Amazon image found via .a-dynamic-image: https://images-fe.ssl-images-amazon.com/images/I/619EVV01D-L._AC_UL116_SR116,116... (score: 1165)
ðŸ” Amazon image found via .a-dynamic-image: https://images-fe.ssl-images-amazon.com/images/I/61kWxMgXyFL._AC_UL116_SR116,116... (score: 1165)
ðŸ” Amazon image found via .a-dynamic-image: https://images-fe.ssl-images-amazon.com/images/I/71iE-FERIqL._AC_UL116_SR116,116... (score: 1165)
ðŸ” Amazon image found via .a-button-thumbnail img: https://m.media-amazon.com/images/I/31-GHWBrwQL._AC_US40_.jpg... (score: 765)
ðŸ” Amazon image found via .a-button-thumbnail img: https://m.media-amazon.com/images/I/41PVsCXWwWL._AC_US40_.jpg... (score: 765)
ðŸ” Amazon image found via .a-button-thumbnail img: https://m.media-amazon.com/images/I/411NokYR36L._AC_US40_.jpg... (score: 765)
ðŸ” Amazon image found via .a-button-thumbnail img: https://m.media-amazon.com/images/I/416N5CkNcrL._AC_US40_.jpg... (score: 765)
ðŸ” Amazon image found via .a-button-thumbnail img: https://m.media-amazon.com/images/I/41K+2NxuNaL._AC_US40_.jpg... (score: 765)
ðŸ” Amazon image found via .a-button-thumbnail img: https://m.media-amazon.com/images/I/41XcXQDWtjL._AC_US40_.jpg... (score: 765)
ðŸ” Amazon image found via .a-button-thumbnail img: https://m.media-amazon.com/images/I/411KcueL4VL.SS40_BG85,85,85_BR-120_PKdp-play... (score: 500)
ðŸ” Amazon image found via .a-button-thumbnail img: https://images-na.ssl-images-amazon.com/images/G/01/x-locale/common/transparent-... (score: 600)
ðŸ” Amazon image found via #imageBlock img: https://images-na.ssl-images-amazon.com/images/G/01/x-locale/common/grey-pixel.g... (score: 500)
ðŸŽ¯ Using quality threshold: 100, found 4 images
ðŸŽ¯ Amazonå›¾ç‰‡ID: 619EVV01D-L
ðŸ“Š å°è¯•å¤šä¸ªURLç‰ˆæœ¬:
   1. https://m.media-amazon.com/images/I/619EVV01D-L.jpg
   2. https://images-na.ssl-images-amazon.com/images/I/619EVV01D-L.jpg
   3. https://m.media-amazon.com/images/I/619EVV01D-L._SL1600_.jpg
   4. https://m.media-amazon.com/images/I/619EVV01D-L._SX679_.jpg
   5. https://m.media-amazon.com/images/I/619EVV01D-L._AC_SX679_.jpg
   6. https://images-fe.ssl-images-amazon.com/images/I/619EVV01D-L._SL3000_.jpg
   7. https://images-fe.ssl-images-amazon.com/images/I/619EVV01D-L.jpg
ðŸ”„ Converting image: https://images-fe.ssl-images-amazon.com/images/I/619EVV01D-L._AC_UL116_SR116,116_.jpg...
   âž¡ï¸ High-res: https://m.media-amazon.com/images/I/619EVV01D-L.jpg...
ðŸ§ª æ­£åœ¨æµ‹è¯•Amazonå›¾ç‰‡ID 619EVV01D-L çš„å¤šä¸ªç‰ˆæœ¬...
ðŸŽ¯ Amazonå›¾ç‰‡ID: 61kWxMgXyFL
ðŸ“Š å°è¯•å¤šä¸ªURLç‰ˆæœ¬:
   1. https://m.media-amazon.com/images/I/61kWxMgXyFL.jpg
   2. https://images-na.ssl-images-amazon.com/images/I/61kWxMgXyFL.jpg
   3. https://m.media-amazon.com/images/I/61kWxMgXyFL._SL1600_.jpg
   4. https://m.media-amazon.com/images/I/61kWxMgXyFL._SX679_.jpg
   5. https://m.media-amazon.com/images/I/61kWxMgXyFL._AC_SX679_.jpg
   6. https://images-fe.ssl-images-amazon.com/images/I/61kWxMgXyFL._SL3000_.jpg
   7. https://images-fe.ssl-images-amazon.com/images/I/61kWxMgXyFL.jpg
ðŸ”„ Converting image: https://images-fe.ssl-images-amazon.com/images/I/61kWxMgXyFL._AC_UL116_SR116,116_.jpg...
   âž¡ï¸ High-res: https://m.media-amazon.com/images/I/61kWxMgXyFL.jpg...
ðŸ§ª æ­£åœ¨æµ‹è¯•Amazonå›¾ç‰‡ID 61kWxMgXyFL çš„å¤šä¸ªç‰ˆæœ¬...
ðŸŽ¯ Amazonå›¾ç‰‡ID: 71iE-FERIqL
ðŸ“Š å°è¯•å¤šä¸ªURLç‰ˆæœ¬:
   1. https://m.media-amazon.com/images/I/71iE-FERIqL.jpg
   2. https://images-na.ssl-images-amazon.com/images/I/71iE-FERIqL.jpg
   3. https://m.media-amazon.com/images/I/71iE-FERIqL._SL1600_.jpg
   4. https://m.media-amazon.com/images/I/71iE-FERIqL._SX679_.jpg
   5. https://m.media-amazon.com/images/I/71iE-FERIqL._AC_SX679_.jpg
   6. https://images-fe.ssl-images-amazon.com/images/I/71iE-FERIqL._SL3000_.jpg
   7. https://images-fe.ssl-images-amazon.com/images/I/71iE-FERIqL.jpg
ðŸ”„ Converting image: https://images-fe.ssl-images-amazon.com/images/I/71iE-FERIqL._AC_UL116_SR116,116_.jpg...
   âž¡ï¸ High-res: https://m.media-amazon.com/images/I/71iE-FERIqL.jpg...
ðŸ§ª æ­£åœ¨æµ‹è¯•Amazonå›¾ç‰‡ID 71iE-FERIqL çš„å¤šä¸ªç‰ˆæœ¬...
ðŸŽ¯ Amazonå›¾ç‰‡ID: 619EVV01D-L
ðŸ“Š å°è¯•å¤šä¸ªURLç‰ˆæœ¬:
   1. https://m.media-amazon.com/images/I/619EVV01D-L.jpg
   2. https://images-na.ssl-images-amazon.com/images/I/619EVV01D-L.jpg
   3. https://m.media-amazon.com/images/I/619EVV01D-L._SL1600_.jpg
   4. https://m.media-amazon.com/images/I/619EVV01D-L._SX679_.jpg
   5. https://m.media-amazon.com/images/I/619EVV01D-L._AC_SX679_.jpg
   6. https://m.media-amazon.com/images/I/619EVV01D-L._SL3000_.jpg
   7. https://m.media-amazon.com/images/I/619EVV01D-L.jpg
ðŸ”„ Converting image: https://m.media-amazon.com/images/I/619EVV01D-L._AC_SY300_SX300_QL70_ML2_.jpg...
   âž¡ï¸ High-res: https://m.media-amazon.com/images/I/619EVV01D-L.jpg...
ðŸ§ª æ­£åœ¨æµ‹è¯•Amazonå›¾ç‰‡ID 619EVV01D-L çš„å¤šä¸ªç‰ˆæœ¬...
âœ… Amazonå›¾ç‰‡ç‰ˆæœ¬ 1 å¯ç”¨: https://m.media-amazon.com/images/I/61kWxMgXyFL.jpg...
âœ… Amazonå›¾ç‰‡ç‰ˆæœ¬ 1 å¯ç”¨: https://m.media-amazon.com/images/I/71iE-FERIqL.jpg...
âœ… Amazonå›¾ç‰‡ç‰ˆæœ¬ 1 å¯ç”¨: https://m.media-amazon.com/images/I/619EVV01D-L.jpg...
âœ… Amazonå›¾ç‰‡ç‰ˆæœ¬ 1 å¯ç”¨: https://m.media-amazon.com/images/I/619EVV01D-L.jpg...
ðŸ” Found 20 total images for URL: https://www.amazon.com.au/Tresemm%C3%A9-Moisture-Shampoo-Vitamin-Jojoba/dp/B09TL6X795
ðŸ“Š All images with scores (top 10):
  1. Score: 1165
     URL: https://images-fe.ssl-images-amazon.com/images/I/619EVV01D-L._AC_UL116_SR116,116_.jpg
     Alt: ""
     Class: "a-dynamic-image p13n-sc-dynamic-image p13n-product-image"

  2. Score: 1165
     URL: https://images-fe.ssl-images-amazon.com/images/I/61kWxMgXyFL._AC_UL116_SR116,116_.jpg
     Alt: "Dove Triple Hydrate Body Wash 1 L"
     Class: "a-dynamic-image p13n-sc-dynamic-image p13n-product-image"

  3. Score: 1165
     URL: https://images-fe.ssl-images-amazon.com/images/I/71iE-FERIqL._AC_UL116_SR116,116_.jpg
     Alt: "Quilton 3-Ply Toilet Tissue 48 Pack (1 x 48 Rolls)"
     Class: "a-dynamic-image p13n-sc-dynamic-image p13n-product-image"

  4. Score: 965
     URL: https://m.media-amazon.com/images/I/619EVV01D-L._AC_SY300_SX300_QL70_ML2_.jpg
     Alt: "Tresemme Moisture Rich Shampoo 940 mL"
     Class: "a-dynamic-image"

  5. Score: 765
     URL: https://m.media-amazon.com/images/I/31-GHWBrwQL._AC_US40_.jpg
     Alt: ""
     Class: ""

  6. Score: 765
     URL: https://m.media-amazon.com/images/I/41PVsCXWwWL._AC_US40_.jpg
     Alt: ""
     Class: ""

  7. Score: 765
     URL: https://m.media-amazon.com/images/I/411NokYR36L._AC_US40_.jpg
     Alt: ""
     Class: ""

  8. Score: 765
     URL: https://m.media-amazon.com/images/I/416N5CkNcrL._AC_US40_.jpg
     Alt: ""
     Class: ""

  9. Score: 765
     URL: https://m.media-amazon.com/images/I/41K+2NxuNaL._AC_US40_.jpg
     Alt: ""
     Class: ""

  10. Score: 765
     URL: https://m.media-amazon.com/images/I/41XcXQDWtjL._AC_US40_.jpg
     Alt: ""
     Class: ""

âœ… Extracted 4 high-quality images from https://www.amazon.com.au/Tresemm%C3%A9-Moisture-Shampoo-Vitamin-Jojoba/dp/B09TL6X795
ðŸ“Š Quality filter: 20 total -> 4 high-quality (score > 100)
